<?xml version="1.0" encoding="UTF-8"?>
<Site BuildName="(empty)"
	BuildStamp="20221020-1418-Experimental"
	Name="(empty)"
	Generator="ctest-3.20.2"
	CompilerName=""
	CompilerVersion=""
	OSName="Linux"
	Hostname="w11916"
	OSRelease="4.18.0-348.el8.x86_64"
	OSVersion="#1 SMP Mon Oct 4 12:17:22 EDT 2021"
	OSPlatform="x86_64"
	Is64Bits="1"
	VendorString="GenuineIntel"
	VendorID="Intel Corporation"
	FamilyID="6"
	ModelID="158"
	ProcessorCacheSize="12288"
	NumberOfLogicalCPU="12"
	NumberOfPhysicalCPU="6"
	TotalVirtualMemory="32767"
	TotalPhysicalMemory="31989"
	LogicalProcessorsPerPhysical="2"
	ProcessorClockFrequency="3200"
	>
	<Testing>
		<StartDateTime>Oct 20 15:18 BST</StartDateTime>
		<StartTestTime>1666275539</StartTestTime>
		<TestList>
			<Test>./RGBA.contruct</Test>
			<Test>./RGBA.userCtor</Test>
			<Test>./RGBA.set</Test>
			<Test>./RGBA.fromHexString6</Test>
			<Test>./RGBA.fromHexString8</Test>
			<Test>./Image.ctor</Test>
			<Test>./Image.userCtor</Test>
			<Test>./Image.userCtorRGB</Test>
			<Test>./Image.setPixel</Test>
			<Test>./Image.clear</Test>
		</TestList>
		<Test Status="passed">
			<Name>RGBA.contruct</Name>
			<Path>.</Path>
			<FullName>./RGBA.contruct</FullName>
			<FullCommandLine>/home/s5529663/Desktop/2022/ASE/lab3/Image/build/ImageTests "--gtest_filter=RGBA.contruct" "--gtest_also_run_disabled_tests"</FullCommandLine>
			<Results>
				<NamedMeasurement type="numeric/double" name="Execution Time">
					<Value>0.0194957</Value>
				</NamedMeasurement>
				<NamedMeasurement type="numeric/double" name="Processors">
					<Value>1</Value>
				</NamedMeasurement>
				<NamedMeasurement type="text/string" name="Completion Status">
					<Value>Completed</Value>
				</NamedMeasurement>
				<NamedMeasurement type="text/string" name="Command Line">
					<Value>/home/s5529663/Desktop/2022/ASE/lab3/Image/build/ImageTests "--gtest_filter=RGBA.contruct" "--gtest_also_run_disabled_tests"</Value>
				</NamedMeasurement>
				<NamedMeasurement type="text/string" name="Environment">
					<Value>#CTEST_RESOURCE_GROUP_COUNT=</Value>
				</NamedMeasurement>
				<Measurement>
					<Value encoding="base64" compression="gzip">eJyNkE9rhDAQxe9+ijmuBxP10lLYwy4tHgrb4rYnkRLjrITGRJLRfv36Z5Gu0NJ3CnlvZn4zeW+MMg20QpldCBdnW+BdX2kleY0Dap7GacoH2X02vOqVrskhet4QeuLeSS48RglLUhZHtcA7IdI4uWdSozC8sbbRuEbnoo9pFJMyOFnCB8jmCLyNDlyUJnSwhzw7Hpi0hlwvKSj2q0rIr8AJ0FwyAV/fvleELCiiVSVk2lZCLz6aQTlrWjRjFinqu034Z88JISggfz/BrHILtXzDy/PWgl0MrQ//br2EgCwJHQb/YyYULqrtl7m9yG+XACcMu50zQr8ezuenx2mfJcuCb2N8nzs=</Value>
				</Measurement>
			</Results>
		</Test>
		<Test Status="passed">
			<Name>RGBA.userCtor</Name>
			<Path>.</Path>
			<FullName>./RGBA.userCtor</FullName>
			<FullCommandLine>/home/s5529663/Desktop/2022/ASE/lab3/Image/build/ImageTests "--gtest_filter=RGBA.userCtor" "--gtest_also_run_disabled_tests"</FullCommandLine>
			<Results>
				<NamedMeasurement type="numeric/double" name="Execution Time">
					<Value>0.0227916</Value>
				</NamedMeasurement>
				<NamedMeasurement type="numeric/double" name="Processors">
					<Value>1</Value>
				</NamedMeasurement>
				<NamedMeasurement type="text/string" name="Completion Status">
					<Value>Completed</Value>
				</NamedMeasurement>
				<NamedMeasurement type="text/string" name="Command Line">
					<Value>/home/s5529663/Desktop/2022/ASE/lab3/Image/build/ImageTests "--gtest_filter=RGBA.userCtor" "--gtest_also_run_disabled_tests"</Value>
				</NamedMeasurement>
				<NamedMeasurement type="text/string" name="Environment">
					<Value>#CTEST_RESOURCE_GROUP_COUNT=</Value>
				</NamedMeasurement>
				<Measurement>
					<Value encoding="base64" compression="gzip">eJyNkE1rhDAQhu/5FXNcDybqpaWwh+0HHgrb4rYnkRLjrITGRPJh/379WKQrtPQ9hbzvzDwzRdBa6hY6LvUugrM1HbA+1EoK1uCAimVJlrFB9J8tq4NUjbeIjrUenWfOCsYdxilNM5rEDccbzrMkvaVCIdesNaZVuEbnoo9pFBWCHI3HO8jnCLyNDpyl8mhhD0V+f6DBoX3wxpJyv6qC4gKcgp9LJuDL2wXpkZIyXlVBrkzN1eKjHqQ1ukM9ZtHHod+Ef/acEEgJxfsRZlVbqOUbXp63FuwS6Fz0d+slBN54riLyP2aP3MaN+dLXF/ntEmC5ptdzRujXw+n09Djts2Qp+QYVrJ7q====</Value>
				</Measurement>
			</Results>
		</Test>
		<Test Status="passed">
			<Name>RGBA.set</Name>
			<Path>.</Path>
			<FullName>./RGBA.set</FullName>
			<FullCommandLine>/home/s5529663/Desktop/2022/ASE/lab3/Image/build/ImageTests "--gtest_filter=RGBA.set" "--gtest_also_run_disabled_tests"</FullCommandLine>
			<Results>
				<NamedMeasurement type="numeric/double" name="Execution Time">
					<Value>0.0248318</Value>
				</NamedMeasurement>
				<NamedMeasurement type="numeric/double" name="Processors">
					<Value>1</Value>
				</NamedMeasurement>
				<NamedMeasurement type="text/string" name="Completion Status">
					<Value>Completed</Value>
				</NamedMeasurement>
				<NamedMeasurement type="text/string" name="Command Line">
					<Value>/home/s5529663/Desktop/2022/ASE/lab3/Image/build/ImageTests "--gtest_filter=RGBA.set" "--gtest_also_run_disabled_tests"</Value>
				</NamedMeasurement>
				<NamedMeasurement type="text/string" name="Environment">
					<Value>#CTEST_RESOURCE_GROUP_COUNT=</Value>
				</NamedMeasurement>
				<Measurement>
					<Value encoding="base64" compression="gzip">eJyNkE9rhDAQxe9+ijmuBxP10lLYwy4tHgrb4rYnkRLjrITGRJLRfv36ZxG30NJ3CjO/zHszeW+MMg20QpldCBdnW+BdX2kleY0Dap7GacoH2X02vOqVrskhet4QeuLeSS48RglLUhZHtcA7IdI4uWdSozC8sbbRuKLzp4/JikkZnCzhA2QzAm9jBy5KEzrYQ54dD8wjBcV+VQn5NWsCNNNT1uvb94qQBUW0qoRM20ropY9mUM6aFs3IIkV99wPezpzcgwLy9xPMKjd5lgq8PG+qsIuh9eHfAxcIyJLQYfC/pITCRbX9Mrd3+G1/cMKwW58x7+vhfH56nLZYWBZ8Az+RmMk=</Value>
				</Measurement>
			</Results>
		</Test>
		<Test Status="passed">
			<Name>RGBA.fromHexString6</Name>
			<Path>.</Path>
			<FullName>./RGBA.fromHexString6</FullName>
			<FullCommandLine>/home/s5529663/Desktop/2022/ASE/lab3/Image/build/ImageTests "--gtest_filter=RGBA.fromHexString6" "--gtest_also_run_disabled_tests"</FullCommandLine>
			<Results>
				<NamedMeasurement type="numeric/double" name="Execution Time">
					<Value>0.0259681</Value>
				</NamedMeasurement>
				<NamedMeasurement type="numeric/double" name="Processors">
					<Value>1</Value>
				</NamedMeasurement>
				<NamedMeasurement type="text/string" name="Completion Status">
					<Value>Completed</Value>
				</NamedMeasurement>
				<NamedMeasurement type="text/string" name="Command Line">
					<Value>/home/s5529663/Desktop/2022/ASE/lab3/Image/build/ImageTests "--gtest_filter=RGBA.fromHexString6" "--gtest_also_run_disabled_tests"</Value>
				</NamedMeasurement>
				<NamedMeasurement type="text/string" name="Environment">
					<Value>#CTEST_RESOURCE_GROUP_COUNT=</Value>
				</NamedMeasurement>
				<Measurement>
					<Value encoding="base64" compression="gzip">eJyNkE1LxDAQhu/5FXPcHpq0PagIe1hRKgirtHoqZUnT2RJMk5Kk1Z9vP5biyirOKfA+k3lmsl5rqRtoudSbAI7WtMC6vlJSsBoHVCyJkoQNontvWNVLVXuL6Fjj0XnmrGDcYRjTOKFRWHO85jyJ4hsqFHLNGmMahSs6Nx2mUVQIsjcebyGdEXgdEzhK5dHCFrL0bkcnl0f8zL0dBa9IsV2rhOykHYOfGyft09v10iMlRbhWCakyFVdLjnqQ1ugW9ciiD/vuB/z9z0mEFJC97WGu8rLaEsLz02UANhG0Lvh7zAKBN56rgPzP3yO3YW0+9Pl1frsKWK7p+ZxR/WWX5w/3024LS8kXw+Gldw==</Value>
				</Measurement>
			</Results>
		</Test>
		<Test Status="passed">
			<Name>RGBA.fromHexString8</Name>
			<Path>.</Path>
			<FullName>./RGBA.fromHexString8</FullName>
			<FullCommandLine>/home/s5529663/Desktop/2022/ASE/lab3/Image/build/ImageTests "--gtest_filter=RGBA.fromHexString8" "--gtest_also_run_disabled_tests"</FullCommandLine>
			<Results>
				<NamedMeasurement type="numeric/double" name="Execution Time">
					<Value>0.0256578</Value>
				</NamedMeasurement>
				<NamedMeasurement type="numeric/double" name="Processors">
					<Value>1</Value>
				</NamedMeasurement>
				<NamedMeasurement type="text/string" name="Completion Status">
					<Value>Completed</Value>
				</NamedMeasurement>
				<NamedMeasurement type="text/string" name="Command Line">
					<Value>/home/s5529663/Desktop/2022/ASE/lab3/Image/build/ImageTests "--gtest_filter=RGBA.fromHexString8" "--gtest_also_run_disabled_tests"</Value>
				</NamedMeasurement>
				<NamedMeasurement type="text/string" name="Environment">
					<Value>#CTEST_RESOURCE_GROUP_COUNT=</Value>
				</NamedMeasurement>
				<Measurement>
					<Value encoding="base64" compression="gzip">eJyNkE1LxDAQhu/5FXPcHpq0vbgIe1hRKgirtHoqRdJ0tgTTpCRp9efbj6W4si7OKfA+k3lmsl5rqRtoudSbAI7WtMC6vlJSsBoHVCyJkoQNovtoWNVLVXuL6Fjj0XnmrGDcYRjTOKFRWHO84TyJ4i0VCrlmjTGNwhWdm96nUVQIcjAebyGdEXgdEzhK5dHCDrL0bk8nl0f8yr0dBbek2K1VQnbSjsHPjZP26e166ZGSIlyrhFSZiqslRz1Ia3SLemTRh333C/755yRCCsjeDjBXeVltCeH56TIAmwhaF1wfs0DgjecqIP/z98htWJtPfX6dv64Clmt6PmdUf9nn+cP9tNvCUvINycGlfQ==</Value>
				</Measurement>
			</Results>
		</Test>
		<Test Status="passed">
			<Name>Image.ctor</Name>
			<Path>.</Path>
			<FullName>./Image.ctor</FullName>
			<FullCommandLine>/home/s5529663/Desktop/2022/ASE/lab3/Image/build/ImageTests "--gtest_filter=Image.ctor" "--gtest_also_run_disabled_tests"</FullCommandLine>
			<Results>
				<NamedMeasurement type="numeric/double" name="Execution Time">
					<Value>0.0293576</Value>
				</NamedMeasurement>
				<NamedMeasurement type="numeric/double" name="Processors">
					<Value>1</Value>
				</NamedMeasurement>
				<NamedMeasurement type="text/string" name="Completion Status">
					<Value>Completed</Value>
				</NamedMeasurement>
				<NamedMeasurement type="text/string" name="Command Line">
					<Value>/home/s5529663/Desktop/2022/ASE/lab3/Image/build/ImageTests "--gtest_filter=Image.ctor" "--gtest_also_run_disabled_tests"</Value>
				</NamedMeasurement>
				<NamedMeasurement type="text/string" name="Environment">
					<Value>#CTEST_RESOURCE_GROUP_COUNT=</Value>
				</NamedMeasurement>
				<Measurement>
					<Value encoding="base64" compression="gzip">eJyNkE9LxDAQxe/9FHPcHpq0vSjCHoSVRYRVunoqRdJ0NgTTpCTT+vXtn6VYQfSdwswv895M0VurrYJWaLuL4eJdC7zra6Mlb3BAw/M0z/kguw/F616bhjxi4IowEA9echEwyViWszRpBN4IkafZLZMGheXKOWVwRedP75MVkzI6OcI7OM4IvI4duGhD6GEPj61QyCQ5H5X7VRUU17QZ0MxPaa/v0GtCFpXJqgqOxtXCLH20g/bOtmhHFinpux/w95mzf1RC8XaCWdUm0lKD56dNHXYptCH+Y+pCATkSJo7+l5dQ+KRxn3Z7jd+uAF5YtvUZI7/cn88Ph2mVhWXRF5QgnfA=</Value>
				</Measurement>
			</Results>
		</Test>
		<Test Status="passed">
			<Name>Image.userCtor</Name>
			<Path>.</Path>
			<FullName>./Image.userCtor</FullName>
			<FullCommandLine>/home/s5529663/Desktop/2022/ASE/lab3/Image/build/ImageTests "--gtest_filter=Image.userCtor" "--gtest_also_run_disabled_tests"</FullCommandLine>
			<Results>
				<NamedMeasurement type="numeric/double" name="Execution Time">
					<Value>0.0293449</Value>
				</NamedMeasurement>
				<NamedMeasurement type="numeric/double" name="Processors">
					<Value>1</Value>
				</NamedMeasurement>
				<NamedMeasurement type="text/string" name="Completion Status">
					<Value>Completed</Value>
				</NamedMeasurement>
				<NamedMeasurement type="text/string" name="Command Line">
					<Value>/home/s5529663/Desktop/2022/ASE/lab3/Image/build/ImageTests "--gtest_filter=Image.userCtor" "--gtest_also_run_disabled_tests"</Value>
				</NamedMeasurement>
				<NamedMeasurement type="text/string" name="Environment">
					<Value>#CTEST_RESOURCE_GROUP_COUNT=</Value>
				</NamedMeasurement>
				<Measurement>
					<Value encoding="base64" compression="gzip">eJyNkE1LxDAQhu/5FXPcHpq0vSjCHkRlEWGVrp5KkTSdDcE0Kfmof99+LMV1EX1PIe87M89MGY1RRkLHldkkcHS2A9bHRivBWhxQsyIrCjaI/kOyJirdBofomQzoA/NOMO4xzWle0CxtOV5xXmT5NRUauWHSWqlxjc5F79MoKgTZ24A3sJsj8Do6cFQ6oIMtPHZcIo0e3V2wjlTbVTWUJ+IcwlwzEZ/ePqqAlFTpqhp22jZcLz6aQTlrOjRjFkMa+x/h7z1nBlJB+baHWfUF1vIPz08XHmxy6HzyR/clBcEGrhPyP+6A3KWt/TTnV/ntGuC4oedzRuyX28Ph4X5aaclS8gVi+aLQ====</Value>
				</Measurement>
			</Results>
		</Test>
		<Test Status="passed">
			<Name>Image.userCtorRGB</Name>
			<Path>.</Path>
			<FullName>./Image.userCtorRGB</FullName>
			<FullCommandLine>/home/s5529663/Desktop/2022/ASE/lab3/Image/build/ImageTests "--gtest_filter=Image.userCtorRGB" "--gtest_also_run_disabled_tests"</FullCommandLine>
			<Results>
				<NamedMeasurement type="numeric/double" name="Execution Time">
					<Value>0.0295959</Value>
				</NamedMeasurement>
				<NamedMeasurement type="numeric/double" name="Processors">
					<Value>1</Value>
				</NamedMeasurement>
				<NamedMeasurement type="text/string" name="Completion Status">
					<Value>Completed</Value>
				</NamedMeasurement>
				<NamedMeasurement type="text/string" name="Command Line">
					<Value>/home/s5529663/Desktop/2022/ASE/lab3/Image/build/ImageTests "--gtest_filter=Image.userCtorRGB" "--gtest_also_run_disabled_tests"</Value>
				</NamedMeasurement>
				<NamedMeasurement type="text/string" name="Environment">
					<Value>#CTEST_RESOURCE_GROUP_COUNT=</Value>
				</NamedMeasurement>
				<Measurement>
					<Value encoding="base64" compression="gzip">eJyNkEtrwzAQhO/6FXuMD5ZsX1oKOfSFKYW0OO3JmCDLGyEqS0aS3b9fP4JpSko7J8F8q5ndojdGGQktV2YTwdHZFljX11oJ1uCAmmVJlrFBdB+S1b3STXCInsmAPjDvBOMe45SmGU3ihuMV51mSXlOhkRsmrZUaV3QeOkxRVAiyswFvIJ8ReBsdOCod0MEWnloukfYe3X2wrsjvSLldVUFxKp1CmMem0qe371VASsp4VQW5tjXXi49mUM6aFs3IYoj77gf8/c+5BimheN/BrOpSs8WCl+dLNmwSaH30R8ZCQbCB64j8r31A7uLGfprz2/x2E3Dc0POcsfnr7X7/+DAttrCUfAES7KVe====</Value>
				</Measurement>
			</Results>
		</Test>
		<Test Status="failed">
			<Name>Image.setPixel</Name>
			<Path>.</Path>
			<FullName>./Image.setPixel</FullName>
			<FullCommandLine>/home/s5529663/Desktop/2022/ASE/lab3/Image/build/ImageTests "--gtest_filter=Image.setPixel" "--gtest_also_run_disabled_tests"</FullCommandLine>
			<Results>
				<NamedMeasurement type="text/string" name="Exit Code">
					<Value>Failed</Value>
				</NamedMeasurement>
				<NamedMeasurement type="text/string" name="Exit Value">
					<Value>1</Value>
				</NamedMeasurement>
				<NamedMeasurement type="numeric/double" name="Execution Time">
					<Value>0.032175</Value>
				</NamedMeasurement>
				<NamedMeasurement type="numeric/double" name="Processors">
					<Value>1</Value>
				</NamedMeasurement>
				<NamedMeasurement type="text/string" name="Completion Status">
					<Value>Completed</Value>
				</NamedMeasurement>
				<NamedMeasurement type="text/string" name="Command Line">
					<Value>/home/s5529663/Desktop/2022/ASE/lab3/Image/build/ImageTests "--gtest_filter=Image.setPixel" "--gtest_also_run_disabled_tests"</Value>
				</NamedMeasurement>
				<NamedMeasurement type="text/string" name="Environment">
					<Value>#CTEST_RESOURCE_GROUP_COUNT=</Value>
				</NamedMeasurement>
				<Measurement>
					<Value encoding="base64" compression="gzip">eJyNkV9rwjAUxd/zKe6bFtakLbiNgg/CrAhDRB17cDJieq1hadI1qbpvv7aKTMf+3KeQc27u79zMKq2lziDnUnc92JQmB1ZUayUFS3GHikVBFLGdKN4ytq6kSl2JaFnm0DpmS8G4RT+kYUQDP+V4x3kUhPdUKOSaZcZkCs/Wtum1GUWFIBPjMIZRa4FFrcBGKocl9GGc8wypRTeVB1Rk2T/XCmYn4hBc29MQn862kg4pWfrnWsFImTVXRx31TpZG56hrLzq/Kq7MX99sGcgSZk8TaGt1jUUpa+yWtfdNAktFUcS3UQwJl6oqkQwPBQqHKeB7xZV0H2A24LZoEXZcVWhjAlDQjDQTnrdSbEHaGDovhyTpQDfq9bxaCmoOSAbjx+HDdw7ohneQW++PKCcbOOO48sj/tuSQl35q9vryD37aPZRc06tBNfl0MJ8fyYPWbOllnuMTN6CkbVa1RmX28W+RCal7TuJiOF+QT/3p2/4=</Value>
				</Measurement>
			</Results>
		</Test>
		<Test Status="failed">
			<Name>Image.clear</Name>
			<Path>.</Path>
			<FullName>./Image.clear</FullName>
			<FullCommandLine>/home/s5529663/Desktop/2022/ASE/lab3/Image/build/ImageTests "--gtest_filter=Image.clear" "--gtest_also_run_disabled_tests"</FullCommandLine>
			<Results>
				<NamedMeasurement type="text/string" name="Exit Code">
					<Value>Failed</Value>
				</NamedMeasurement>
				<NamedMeasurement type="text/string" name="Exit Value">
					<Value>1</Value>
				</NamedMeasurement>
				<NamedMeasurement type="numeric/double" name="Execution Time">
					<Value>0.0412988</Value>
				</NamedMeasurement>
				<NamedMeasurement type="numeric/double" name="Processors">
					<Value>1</Value>
				</NamedMeasurement>
				<NamedMeasurement type="text/string" name="Completion Status">
					<Value>Completed</Value>
				</NamedMeasurement>
				<NamedMeasurement type="text/string" name="Command Line">
					<Value>/home/s5529663/Desktop/2022/ASE/lab3/Image/build/ImageTests "--gtest_filter=Image.clear" "--gtest_also_run_disabled_tests"</Value>
				</NamedMeasurement>
				<NamedMeasurement type="text/string" name="Environment">
					<Value>#CTEST_RESOURCE_GROUP_COUNT=</Value>
				</NamedMeasurement>
				<Measurement>
					<Value encoding="base64" compression="gzip">eJyNkdFrwjAQxt/zV9zbFNakdsi2gg/CVIQhQx17cDLS9KxhadI1qbr/fm0sMgXZ7in0++67313nldZSZ5BzqTtd2JQmB1ZUiZKCpbhDxaIwithOFJ8ZSyqpUlciWpY5tI7ZUjBuMejRXkTDIOV4z3kU9h6oUMg1y4zJFJ6svumjGUWFIDPjMIaJt8CyVmAjlcMSBjDNeYY+oySrwanWMG9xe+B8Q4Pbvm0lHVKyCk61hokyCVdHHfVOlkbnqGsvuqAqLsy/Mz0AWcH8dQa+1mdMlLLGa5n/2LBbKooivnuMYcylqkoko0OBwmEK+FVxJd03mA24LVqEHVcV2pgAFPKAimakGfG2lWIL0sZw834Yj2+gE/X73VoKaxAYD6fPo6cLkNoSQm67fyzS2sAZx1WX/O9Grs4PUrPX53/g2uWh5JpeDKqxX4aLxRE79GZLz5c5RtyCkra5VYLK7OOr+xJSN7TKcrRYkh/x9NiG====</Value>
				</Measurement>
			</Results>
		</Test>
		<EndDateTime>Oct 20 15:19 BST</EndDateTime>
		<EndTestTime>1666275540</EndTestTime>
		<ElapsedMinutes>0</ElapsedMinutes>
	</Testing>
</Site>
